<?xml version="1.0" encoding="UTF-8"?>
<!-- Generated by org.testng.reporters.JUnitXMLReporter -->
<testsuite hostname="A073DHYD" name="Command line test" tests="4" failures="3" timestamp="16 Sep 2020 13:20:47 GMT" time="26.58" errors="0">
  <testcase name="f" time="1.544" classname="GW.Guidewire.Testcases.Tc1_login"/>
  <testcase name="f" time="1.733" classname="GW.Guidewire.Testcases.Tc1_login">
    <failure type="junit.framework.ComparisonFailure" message="expected:&amp;lt;...1...&amp;gt; but was:&amp;lt;......&amp;gt;">
      <![CDATA[junit.framework.ComparisonFailure: expected:<...1...> but was:<......>
	at junit.framework.Assert.assertEquals(Assert.java:81)
	at junit.framework.Assert.assertEquals(Assert.java:87)
	at GW.Guidewire.Testcases.Tc1_login.f(Tc1_login.java:25)
	at GW.Guidewire.dataprovider.Runner.main(Runner.java:19)
... Removed 22 stack frames]]>
    </failure>
  </testcase> <!-- f -->
  <testcase name="f" time="1.423" classname="GW.Guidewire.Testcases.Tc1_login">
    <failure type="junit.framework.ComparisonFailure" message="expected:&amp;lt;...1...&amp;gt; but was:&amp;lt;......&amp;gt;">
      <![CDATA[junit.framework.ComparisonFailure: expected:<...1...> but was:<......>
	at junit.framework.Assert.assertEquals(Assert.java:81)
	at junit.framework.Assert.assertEquals(Assert.java:87)
	at GW.Guidewire.Testcases.Tc1_login.f(Tc1_login.java:25)
	at GW.Guidewire.dataprovider.Runner.main(Runner.java:19)
... Removed 22 stack frames]]>
    </failure>
  </testcase> <!-- f -->
  <testcase name="f" time="1.405" classname="GW.Guidewire.Testcases.Tc2_login">
    <failure type="junit.framework.ComparisonFailure" message="expected:&amp;lt;[DEV mode - 8.0.2.18] Guidewire TrainingApp&amp;gt; but was:&amp;lt;expected&amp;gt;">
      <![CDATA[junit.framework.ComparisonFailure: expected:<[DEV mode - 8.0.2.18] Guidewire TrainingApp> but was:<expected>
	at junit.framework.Assert.assertEquals(Assert.java:81)
	at junit.framework.Assert.assertEquals(Assert.java:87)
	at GW.Guidewire.Testcases.Tc2_login.f(Tc2_login.java:25)
	at GW.Guidewire.dataprovider.Runner.main(Runner.java:19)
... Removed 22 stack frames]]>
    </failure>
  </testcase> <!-- f -->
</testsuite> <!-- Command line test -->
